src\faststrap\components\patterns\_old_patterns.py:7: error: Cannot find implementation or library stub for module named "faststrap.components.components.display.card"  [import-not-found]
src\faststrap\components\patterns\_old_patterns.py:7: note: See https://mypy.readthedocs.io/en/stable/running_mypy.html#missing-imports
src\faststrap\components\patterns\_old_patterns.py:8: error: Cannot find implementation or library stub for module named "faststrap.components.components.layout.grid"  [import-not-found]
src\faststrap\components\patterns\_old_patterns.py:9: error: Cannot find implementation or library stub for module named "faststrap.components.components.navigation.navbar"  [import-not-found]
src\faststrap\components\patterns\_old_patterns.py:10: error: Cannot find implementation or library stub for module named "faststrap.components.core._stability"  [import-not-found]
src\faststrap\components\patterns\_old_patterns.py:11: error: Cannot find implementation or library stub for module named "faststrap.components.core.base"  [import-not-found]
src\faststrap\components\forms\formgroup.py:87: error: Incompatible types in assignment (expression has type "tuple[str, Any]", variable has type "str")  [assignment]
src\faststrap\presets\interactions.py:386: error: Argument "variant" to "Button" has incompatible type "str"; expected "Literal['primary', 'secondary', 'success', 'danger', 'warning', 'info', 'light', 'dark', 'link'] | None"  [arg-type]
src\faststrap\presets\interactions.py:388: error: Argument 4 to "Button" has incompatible type "**dict[str, str]"; expected "Literal['button', 'a']"  [arg-type]
src\faststrap\presets\interactions.py:388: error: Argument 4 to "Button" has incompatible type "**dict[str, str]"; expected "Literal['sm', 'lg'] | None"  [arg-type]
src\faststrap\presets\interactions.py:388: error: Argument 4 to "Button" has incompatible type "**dict[str, str]"; expected "bool"  [arg-type]
src\faststrap\presets\interactions.py:388: error: Argument 4 to "Button" has incompatible type "**dict[str, str]"; expected "Literal['start', 'end']"  [arg-type]
src\faststrap\presets\interactions.py:388: error: Argument 4 to "Button" has incompatible type "**dict[str, str]"; expected "dict[str, Any] | None"  [arg-type]
src\faststrap\presets\interactions.py:388: note: "dict" is invariant -- see https://mypy.readthedocs.io/en/stable/common_issues.html#variance
src\faststrap\presets\interactions.py:388: note: Consider using "Mapping" instead, which is covariant in the value type
src\faststrap\components\patterns\pricing.py:61: error: Argument "variant" to "Button" has incompatible type "Literal['primary', 'outline-primary']"; expected "Literal['primary', 'secondary', 'success', 'danger', 'warning', 'info', 'light', 'dark', 'link'] | None"  [arg-type]
src\faststrap\presets\responses.py:237: error: Argument "variant" to "Toast" has incompatible type "str"; expected "Literal['primary', 'secondary', 'success', 'danger', 'warning', 'info', 'light', 'dark', 'link'] | None"  [arg-type]
Found 14 errors in 5 files (checked 84 source files)
